NAMES                 STATUS              PORTS
chrysalis_worker      Up About a minute   
chrysalis_streamlit   Up 8 hours          0.0.0.0:8501->8501/tcp, [::]:8501->8501/tcp
chrysalis_backend     Up 8 hours          0.0.0.0:8000->8000/tcp, [::]:8000->8000/tcp
chrysalis_mongo       Up 8 hours          0.0.0.0:27017->27017/tcp, [::]:27017->27017/tcp
chrysalis_redis       Up 8 hours          0.0.0.0:6379->6379/tcp, [::]:6379->6379/tcp
Worker started, polling Redis...
[2025-11-15T22:19:44.569629] Processing job b70d2ffd-8dc0-4e8f-9915-947d23b78e06 with 2 docs
New schema version created: v7; reasons: ['added_common_field:id']
Inserted 2 docs into raw_data (schema v7)
[2025-11-15T22:19:44.725816] Processing job 7ac1362a-708c-4223-80b3-0e3e49f05f42 with 2 docs
New schema version created: v8; reasons: ['added_common_field:currency']
Inserted 2 docs into raw_data (schema v8)
[2025-11-15T22:19:44.842049] Processing job 10032d2c-ea41-4ee6-9b37-50f191344b53 with 1 docs
New schema version created: v9; reasons: ['removed_common_field:currency']
Inserted 1 docs into raw_data (schema v9)
[2025-11-15T22:19:44.948107] Processing job 9b6ef45a-6594-422d-93fd-4f4f05a48657 with 1 docs
New schema version created: v10; reasons: ['added_common_field:id']
Inserted 1 docs into raw_data (schema v10)
[2025-11-15T22:23:57.594807] Processing job fa6cdcb4-e081-452a-b7a9-fdbde06d7577 with 1 docs
New schema version created: v11; reasons: ['removed_common_field:id']
Inserted 1 docs into raw_data (schema v11)
[2025-11-15T22:23:57.783705] Processing job 574b9e77-5d08-412e-b09e-eaeeecf2c8b5 with 1 docs
New schema version created: v12; reasons: ['added_common_field:id']
Inserted 1 docs into raw_data (schema v12)
Worker started, polling Redis...
[2025-11-15T22:28:25.456298] Processing job 55a19138-9aa3-401f-9874-471673e15bf4 with 1 docs
New schema version created: v13; reasons: ['removed_common_field:id']
Inserted 1 docs into raw_data (schema v13)
Worker started, polling Redis...
[2025-11-15T22:41:34.415577] Processing job 59ec2268-c0ae-4ded-bd4d-98335279cf18 with 1 docs
Inserted 1 docs into raw_data (schema v13)
[2025-11-15T22:41:34.435795] Processing job 3f3446d5-430b-4097-87d4-9f8fdd5cbaf4 with 1 docs
New schema version created: v14
Inserted 1 docs into raw_data (schema v14)
[2025-11-15T22:42:00.150554] Processing job 12b14012-e46a-4538-88bb-332665d08cb3 with 1 docs
New schema version created: v15
Inserted 1 docs into raw_data (schema v15)
[2025-11-15T22:42:11.004371] Processing job 096ba962-a047-4d81-812a-09986e70650d with 1 docs
New schema version created: v16
Inserted 1 docs into raw_data (schema v16)
Worker started, polling Redis...
Worker started, polling Redis...
Worker started, polling Redis...
Worker started, polling Redis...
Worker started, polling Redis...
Worker started, polling Redis...
[2025-11-16T05:21:05.788211] Processing job e3869b4e-04c0-4d8b-9e7b-cd9c7427cd2c with 2 docs
New schema version created: v17
Inserted 2 docs into raw_data (schema v17)
[2025-11-16T05:21:05.922635] Processing job fd66fd4f-5867-408d-807d-9d113010fa00 with 2 docs
New schema version created: v18
Inserted 2 docs into raw_data (schema v18)
[2025-11-16T05:21:05.929795] Processing job 8f337b81-37dd-4fb3-8c8f-c09e64255034 with 1 docs
New schema version created: v19
Inserted 1 docs into raw_data (schema v19)
[2025-11-16T05:21:05.936765] Processing job 0a0fcc51-8c56-462d-b532-f37401ae03f5 with 1 docs
New schema version created: v20
Inserted 1 docs into raw_data (schema v20)
Worker started, polling Redis...
Worker started, polling Redis...
[2025-11-16T05:34:45.553579] Processing job 97896efc-24c7-4b11-ab49-ce2bc9290df6 with 2 docs
New schema version created: v21; reasons: ['coverage_ok(1.00)']
Pushed 2 docs to DLQ
[2025-11-16T05:34:51.965277] Processing job 8ba47259-7703-4eda-81f2-cc7ae03352c3 with 1 docs
New schema version created: v22; reasons: ['coverage_ok(1.00)']
Pushed 1 docs to DLQ
[2025-11-16T05:34:56.844085] Processing job 11c4abb1-99f1-4477-bf10-b886df76a776 with 1 docs
New schema version created: v23; reasons: ['coverage_ok(1.00)']
Pushed 1 docs to DLQ
[2025-11-16T05:35:53.689341] Processing job 0a75bd21-6395-4435-8aab-74f6db68431c with 2 docs
New schema version created: v24; reasons: ['coverage_ok(1.00)']
Pushed 2 docs to DLQ
[2025-11-16T05:35:53.761983] Processing job 6fefbc50-0815-4422-9416-6192e35e291c with 2 docs
New schema version created: v25; reasons: ['coverage_ok(1.00)']
Inserted 2 docs into raw_data (schema v25)
[2025-11-16T05:35:53.774066] Processing job cf40a73d-14bd-4672-8fa3-f7f7b5817f9f with 1 docs
New schema version created: v26; reasons: ['coverage_ok(1.00)']
Pushed 1 docs to DLQ
[2025-11-16T05:35:53.779403] Processing job f7d1000d-2f69-4be0-b2ef-436072c15426 with 1 docs
New schema version created: v27; reasons: ['coverage_ok(1.00)']
Pushed 1 docs to DLQ
